0 info it worked if it ends with ok
1 verbose cli [ '/usr/bin/nodejs', '/usr/bin/npm', 'install' ]
2 info using npm@1.3.10
3 info using node@v0.10.25
4 verbose readDependencies using package.json deps
5 verbose install where, deps [ '/home/juanma/Documentos/Facultad/3erAño/ISII/bestnid',
5 verbose install   [ 'body-parser',
5 verbose install     'cookie-parser',
5 verbose install     'debug',
5 verbose install     'ejs',
5 verbose install     'express',
5 verbose install     'morgan',
5 verbose install     'serve-favicon' ] ]
6 info preinstall bestnid@0.0.0
7 verbose readDependencies using package.json deps
8 verbose cache add [ 'cookie-parser@~1.3.4', null ]
9 verbose cache add name=undefined spec="cookie-parser@~1.3.4" args=["cookie-parser@~1.3.4",null]
10 verbose parsed url { protocol: null,
10 verbose parsed url   slashes: null,
10 verbose parsed url   auth: null,
10 verbose parsed url   host: null,
10 verbose parsed url   port: null,
10 verbose parsed url   hostname: null,
10 verbose parsed url   hash: null,
10 verbose parsed url   search: null,
10 verbose parsed url   query: null,
10 verbose parsed url   pathname: 'cookie-parser@~1.3.4',
10 verbose parsed url   path: 'cookie-parser@~1.3.4',
10 verbose parsed url   href: 'cookie-parser@~1.3.4' }
11 verbose cache add name="cookie-parser" spec="~1.3.4" args=["cookie-parser","~1.3.4"]
12 verbose parsed url { protocol: null,
12 verbose parsed url   slashes: null,
12 verbose parsed url   auth: null,
12 verbose parsed url   host: null,
12 verbose parsed url   port: null,
12 verbose parsed url   hostname: null,
12 verbose parsed url   hash: null,
12 verbose parsed url   search: null,
12 verbose parsed url   query: null,
12 verbose parsed url   pathname: '~1.3.4',
12 verbose parsed url   path: '~1.3.4',
12 verbose parsed url   href: '~1.3.4' }
13 verbose addNamed [ 'cookie-parser', '~1.3.4' ]
14 verbose addNamed [ null, '>=1.3.4-0 <1.4.0-0' ]
15 verbose cache add [ 'ejs@~2.3.1', null ]
16 verbose cache add name=undefined spec="ejs@~2.3.1" args=["ejs@~2.3.1",null]
17 verbose parsed url { protocol: null,
17 verbose parsed url   slashes: null,
17 verbose parsed url   auth: null,
17 verbose parsed url   host: null,
17 verbose parsed url   port: null,
17 verbose parsed url   hostname: null,
17 verbose parsed url   hash: null,
17 verbose parsed url   search: null,
17 verbose parsed url   query: null,
17 verbose parsed url   pathname: 'ejs@~2.3.1',
17 verbose parsed url   path: 'ejs@~2.3.1',
17 verbose parsed url   href: 'ejs@~2.3.1' }
18 verbose cache add name="ejs" spec="~2.3.1" args=["ejs","~2.3.1"]
19 verbose parsed url { protocol: null,
19 verbose parsed url   slashes: null,
19 verbose parsed url   auth: null,
19 verbose parsed url   host: null,
19 verbose parsed url   port: null,
19 verbose parsed url   hostname: null,
19 verbose parsed url   hash: null,
19 verbose parsed url   search: null,
19 verbose parsed url   query: null,
19 verbose parsed url   pathname: '~2.3.1',
19 verbose parsed url   path: '~2.3.1',
19 verbose parsed url   href: '~2.3.1' }
20 verbose addNamed [ 'ejs', '~2.3.1' ]
21 verbose addNamed [ null, '>=2.3.1-0 <2.4.0-0' ]
22 verbose cache add [ 'debug@~2.1.1', null ]
23 verbose cache add name=undefined spec="debug@~2.1.1" args=["debug@~2.1.1",null]
24 verbose parsed url { protocol: null,
24 verbose parsed url   slashes: null,
24 verbose parsed url   auth: null,
24 verbose parsed url   host: null,
24 verbose parsed url   port: null,
24 verbose parsed url   hostname: null,
24 verbose parsed url   hash: null,
24 verbose parsed url   search: null,
24 verbose parsed url   query: null,
24 verbose parsed url   pathname: 'debug@~2.1.1',
24 verbose parsed url   path: 'debug@~2.1.1',
24 verbose parsed url   href: 'debug@~2.1.1' }
25 verbose cache add name="debug" spec="~2.1.1" args=["debug","~2.1.1"]
26 verbose parsed url { protocol: null,
26 verbose parsed url   slashes: null,
26 verbose parsed url   auth: null,
26 verbose parsed url   host: null,
26 verbose parsed url   port: null,
26 verbose parsed url   hostname: null,
26 verbose parsed url   hash: null,
26 verbose parsed url   search: null,
26 verbose parsed url   query: null,
26 verbose parsed url   pathname: '~2.1.1',
26 verbose parsed url   path: '~2.1.1',
26 verbose parsed url   href: '~2.1.1' }
27 verbose addNamed [ 'debug', '~2.1.1' ]
28 verbose addNamed [ null, '>=2.1.1-0 <2.2.0-0' ]
29 verbose cache add [ 'express@~4.12.2', null ]
30 verbose cache add name=undefined spec="express@~4.12.2" args=["express@~4.12.2",null]
31 verbose parsed url { protocol: null,
31 verbose parsed url   slashes: null,
31 verbose parsed url   auth: null,
31 verbose parsed url   host: null,
31 verbose parsed url   port: null,
31 verbose parsed url   hostname: null,
31 verbose parsed url   hash: null,
31 verbose parsed url   search: null,
31 verbose parsed url   query: null,
31 verbose parsed url   pathname: 'express@~4.12.2',
31 verbose parsed url   path: 'express@~4.12.2',
31 verbose parsed url   href: 'express@~4.12.2' }
32 verbose cache add name="express" spec="~4.12.2" args=["express","~4.12.2"]
33 verbose parsed url { protocol: null,
33 verbose parsed url   slashes: null,
33 verbose parsed url   auth: null,
33 verbose parsed url   host: null,
33 verbose parsed url   port: null,
33 verbose parsed url   hostname: null,
33 verbose parsed url   hash: null,
33 verbose parsed url   search: null,
33 verbose parsed url   query: null,
33 verbose parsed url   pathname: '~4.12.2',
33 verbose parsed url   path: '~4.12.2',
33 verbose parsed url   href: '~4.12.2' }
34 verbose addNamed [ 'express', '~4.12.2' ]
35 verbose addNamed [ null, '>=4.12.2-0 <4.13.0-0' ]
36 silly lockFile bb69fa92-cookie-parser-1-3-4 cookie-parser@~1.3.4
37 verbose lock cookie-parser@~1.3.4 /home/juanma/.npm/bb69fa92-cookie-parser-1-3-4.lock
38 silly lockFile 35acc1b3-ejs-2-3-1 ejs@~2.3.1
39 verbose lock ejs@~2.3.1 /home/juanma/.npm/35acc1b3-ejs-2-3-1.lock
40 silly lockFile 09d11068-debug-2-1-1 debug@~2.1.1
41 verbose lock debug@~2.1.1 /home/juanma/.npm/09d11068-debug-2-1-1.lock
42 verbose cache add [ 'morgan@~1.5.1', null ]
43 verbose cache add name=undefined spec="morgan@~1.5.1" args=["morgan@~1.5.1",null]
44 verbose parsed url { protocol: null,
44 verbose parsed url   slashes: null,
44 verbose parsed url   auth: null,
44 verbose parsed url   host: null,
44 verbose parsed url   port: null,
44 verbose parsed url   hostname: null,
44 verbose parsed url   hash: null,
44 verbose parsed url   search: null,
44 verbose parsed url   query: null,
44 verbose parsed url   pathname: 'morgan@~1.5.1',
44 verbose parsed url   path: 'morgan@~1.5.1',
44 verbose parsed url   href: 'morgan@~1.5.1' }
45 verbose cache add name="morgan" spec="~1.5.1" args=["morgan","~1.5.1"]
46 verbose parsed url { protocol: null,
46 verbose parsed url   slashes: null,
46 verbose parsed url   auth: null,
46 verbose parsed url   host: null,
46 verbose parsed url   port: null,
46 verbose parsed url   hostname: null,
46 verbose parsed url   hash: null,
46 verbose parsed url   search: null,
46 verbose parsed url   query: null,
46 verbose parsed url   pathname: '~1.5.1',
46 verbose parsed url   path: '~1.5.1',
46 verbose parsed url   href: '~1.5.1' }
47 verbose addNamed [ 'morgan', '~1.5.1' ]
48 verbose addNamed [ null, '>=1.5.1-0 <1.6.0-0' ]
49 silly lockFile 66ba047d-morgan-1-5-1 morgan@~1.5.1
50 verbose lock morgan@~1.5.1 /home/juanma/.npm/66ba047d-morgan-1-5-1.lock
51 verbose cache add [ 'serve-favicon@~2.2.0', null ]
52 verbose cache add name=undefined spec="serve-favicon@~2.2.0" args=["serve-favicon@~2.2.0",null]
53 verbose parsed url { protocol: null,
53 verbose parsed url   slashes: null,
53 verbose parsed url   auth: null,
53 verbose parsed url   host: null,
53 verbose parsed url   port: null,
53 verbose parsed url   hostname: null,
53 verbose parsed url   hash: null,
53 verbose parsed url   search: null,
53 verbose parsed url   query: null,
53 verbose parsed url   pathname: 'serve-favicon@~2.2.0',
53 verbose parsed url   path: 'serve-favicon@~2.2.0',
53 verbose parsed url   href: 'serve-favicon@~2.2.0' }
54 verbose cache add name="serve-favicon" spec="~2.2.0" args=["serve-favicon","~2.2.0"]
55 verbose parsed url { protocol: null,
55 verbose parsed url   slashes: null,
55 verbose parsed url   auth: null,
55 verbose parsed url   host: null,
55 verbose parsed url   port: null,
55 verbose parsed url   hostname: null,
55 verbose parsed url   hash: null,
55 verbose parsed url   search: null,
55 verbose parsed url   query: null,
55 verbose parsed url   pathname: '~2.2.0',
55 verbose parsed url   path: '~2.2.0',
55 verbose parsed url   href: '~2.2.0' }
56 verbose addNamed [ 'serve-favicon', '~2.2.0' ]
57 verbose addNamed [ null, '>=2.2.0-0 <2.3.0-0' ]
58 silly lockFile 9df5bad7-serve-favicon-2-2-0 serve-favicon@~2.2.0
59 verbose lock serve-favicon@~2.2.0 /home/juanma/.npm/9df5bad7-serve-favicon-2-2-0.lock
60 verbose cache add [ 'body-parser@~1.12.0', null ]
61 verbose cache add name=undefined spec="body-parser@~1.12.0" args=["body-parser@~1.12.0",null]
62 verbose parsed url { protocol: null,
62 verbose parsed url   slashes: null,
62 verbose parsed url   auth: null,
62 verbose parsed url   host: null,
62 verbose parsed url   port: null,
62 verbose parsed url   hostname: null,
62 verbose parsed url   hash: null,
62 verbose parsed url   search: null,
62 verbose parsed url   query: null,
62 verbose parsed url   pathname: 'body-parser@~1.12.0',
62 verbose parsed url   path: 'body-parser@~1.12.0',
62 verbose parsed url   href: 'body-parser@~1.12.0' }
63 verbose cache add name="body-parser" spec="~1.12.0" args=["body-parser","~1.12.0"]
64 verbose parsed url { protocol: null,
64 verbose parsed url   slashes: null,
64 verbose parsed url   auth: null,
64 verbose parsed url   host: null,
64 verbose parsed url   port: null,
64 verbose parsed url   hostname: null,
64 verbose parsed url   hash: null,
64 verbose parsed url   search: null,
64 verbose parsed url   query: null,
64 verbose parsed url   pathname: '~1.12.0',
64 verbose parsed url   path: '~1.12.0',
64 verbose parsed url   href: '~1.12.0' }
65 verbose addNamed [ 'body-parser', '~1.12.0' ]
66 verbose addNamed [ null, '>=1.12.0-0 <1.13.0-0' ]
67 silly lockFile 6121e062-body-parser-1-12-0 body-parser@~1.12.0
68 verbose lock body-parser@~1.12.0 /home/juanma/.npm/6121e062-body-parser-1-12-0.lock
69 silly lockFile 702f5120-express-4-12-2 express@~4.12.2
70 verbose lock express@~4.12.2 /home/juanma/.npm/702f5120-express-4-12-2.lock
71 silly addNameRange { name: 'cookie-parser',
71 silly addNameRange   range: '>=1.3.4-0 <1.4.0-0',
71 silly addNameRange   hasData: false }
72 silly addNameRange { name: 'ejs', range: '>=2.3.1-0 <2.4.0-0', hasData: false }
73 silly addNameRange { name: 'serve-favicon',
73 silly addNameRange   range: '>=2.2.0-0 <2.3.0-0',
73 silly addNameRange   hasData: false }
74 silly addNameRange { name: 'body-parser',
74 silly addNameRange   range: '>=1.12.0-0 <1.13.0-0',
74 silly addNameRange   hasData: false }
75 silly addNameRange { name: 'express',
75 silly addNameRange   range: '>=4.12.2-0 <4.13.0-0',
75 silly addNameRange   hasData: false }
76 silly addNameRange { name: 'debug', range: '>=2.1.1-0 <2.2.0-0', hasData: false }
77 silly addNameRange { name: 'morgan', range: '>=1.5.1-0 <1.6.0-0', hasData: false }
78 verbose url raw cookie-parser
79 verbose url resolving [ 'https://registry.npmjs.org/', './cookie-parser' ]
80 verbose url resolved https://registry.npmjs.org/cookie-parser
81 info trying registry request attempt 1 at 15:55:25
82 http GET https://registry.npmjs.org/cookie-parser
83 verbose url raw ejs
84 verbose url resolving [ 'https://registry.npmjs.org/', './ejs' ]
85 verbose url resolved https://registry.npmjs.org/ejs
86 info trying registry request attempt 1 at 15:55:25
87 http GET https://registry.npmjs.org/ejs
88 verbose url raw serve-favicon
89 verbose url resolving [ 'https://registry.npmjs.org/', './serve-favicon' ]
90 verbose url resolved https://registry.npmjs.org/serve-favicon
91 info trying registry request attempt 1 at 15:55:25
92 http GET https://registry.npmjs.org/serve-favicon
93 verbose url raw body-parser
94 verbose url resolving [ 'https://registry.npmjs.org/', './body-parser' ]
95 verbose url resolved https://registry.npmjs.org/body-parser
96 info trying registry request attempt 1 at 15:55:25
97 http GET https://registry.npmjs.org/body-parser
98 verbose url raw morgan
99 verbose url resolving [ 'https://registry.npmjs.org/', './morgan' ]
100 verbose url resolved https://registry.npmjs.org/morgan
101 info trying registry request attempt 1 at 15:55:25
102 http GET https://registry.npmjs.org/morgan
103 verbose url raw debug
104 verbose url resolving [ 'https://registry.npmjs.org/', './debug' ]
105 verbose url resolved https://registry.npmjs.org/debug
106 info trying registry request attempt 1 at 15:55:25
107 verbose etag "9LPDOAZWB20EF7W63ALJPPOM7"
108 http GET https://registry.npmjs.org/debug
109 verbose url raw express
110 verbose url resolving [ 'https://registry.npmjs.org/', './express' ]
111 verbose url resolved https://registry.npmjs.org/express
112 info trying registry request attempt 1 at 15:55:25
113 verbose etag "6M3LIJMIQ9SQSJKQJ139WVSUU"
114 http GET https://registry.npmjs.org/express
115 http 200 https://registry.npmjs.org/serve-favicon
116 silly registry.get cb [ 200,
116 silly registry.get   { server: 'CouchDB/1.5.0 (Erlang OTP/R16B03)',
116 silly registry.get     etag: '"Y0E69XT4V8X1WR2PAVL9I696"',
116 silly registry.get     'content-type': 'application/json',
116 silly registry.get     'cache-control': 'max-age=60',
116 silly registry.get     'content-length': '22267',
116 silly registry.get     'accept-ranges': 'bytes',
116 silly registry.get     date: 'Sun, 24 May 2015 18:55:26 GMT',
116 silly registry.get     via: '1.1 varnish',
116 silly registry.get     age: '48',
116 silly registry.get     connection: 'keep-alive',
116 silly registry.get     'x-served-by': 'cache-iad2120-IAD',
116 silly registry.get     'x-cache': 'HIT',
116 silly registry.get     'x-cache-hits': '1',
116 silly registry.get     'x-timer': 'S1432493726.710701,VS0,VE0',
116 silly registry.get     vary: 'Accept' } ]
117 silly addNameRange number 2 { name: 'serve-favicon',
117 silly addNameRange   range: '>=2.2.0-0 <2.3.0-0',
117 silly addNameRange   hasData: true }
118 silly addNameRange versions [ 'serve-favicon',
118 silly addNameRange   [ '2.0.0',
118 silly addNameRange     '2.0.1',
118 silly addNameRange     '2.1.0',
118 silly addNameRange     '2.1.1',
118 silly addNameRange     '2.1.2',
118 silly addNameRange     '2.1.3',
118 silly addNameRange     '2.1.4',
118 silly addNameRange     '2.1.5',
118 silly addNameRange     '2.1.6',
118 silly addNameRange     '2.1.7',
118 silly addNameRange     '2.2.0',
118 silly addNameRange     '2.2.1' ] ]
119 verbose addNamed [ 'serve-favicon', '2.2.1' ]
120 verbose addNamed [ '2.2.1', '2.2.1' ]
121 silly lockFile 6918e89a-serve-favicon-2-2-1 serve-favicon@2.2.1
122 verbose lock serve-favicon@2.2.1 /home/juanma/.npm/6918e89a-serve-favicon-2-2-1.lock
123 silly lockFile 9e8bc462--favicon-serve-favicon-2-2-1-tgz https://registry.npmjs.org/serve-favicon/-/serve-favicon-2.2.1.tgz
124 verbose lock https://registry.npmjs.org/serve-favicon/-/serve-favicon-2.2.1.tgz /home/juanma/.npm/9e8bc462--favicon-serve-favicon-2-2-1-tgz.lock
125 verbose addRemoteTarball [ 'https://registry.npmjs.org/serve-favicon/-/serve-favicon-2.2.1.tgz',
125 verbose addRemoteTarball   'd97bacc150f66fe0e5cc4c78a84ba15bae5a584a' ]
126 silly lockFile 9e8bc462--favicon-serve-favicon-2-2-1-tgz https://registry.npmjs.org/serve-favicon/-/serve-favicon-2.2.1.tgz
127 silly lockFile 9e8bc462--favicon-serve-favicon-2-2-1-tgz https://registry.npmjs.org/serve-favicon/-/serve-favicon-2.2.1.tgz
128 silly lockFile 6918e89a-serve-favicon-2-2-1 serve-favicon@2.2.1
129 silly lockFile 6918e89a-serve-favicon-2-2-1 serve-favicon@2.2.1
130 silly lockFile 9df5bad7-serve-favicon-2-2-0 serve-favicon@~2.2.0
131 silly lockFile 9df5bad7-serve-favicon-2-2-0 serve-favicon@~2.2.0
132 error Error: EACCES, mkdir '/home/juanma/tmp/npm-2606-Vr4fNrwI'
132 error  { [Error: EACCES, mkdir '/home/juanma/tmp/npm-2606-Vr4fNrwI']
132 error   errno: 3,
132 error   code: 'EACCES',
132 error   path: '/home/juanma/tmp/npm-2606-Vr4fNrwI' }
133 error Please try running this command again as root/Administrator.
134 error System Linux 3.16.0-38-generic
135 error command "/usr/bin/nodejs" "/usr/bin/npm" "install"
136 error cwd /home/juanma/Documentos/Facultad/3erAño/ISII/bestnid
137 error node -v v0.10.25
138 error npm -v 1.3.10
139 error path /home/juanma/tmp/npm-2606-Vr4fNrwI
140 error code EACCES
141 error errno 3
142 error stack Error: EACCES, mkdir '/home/juanma/tmp/npm-2606-Vr4fNrwI'
143 verbose exit [ 3, true ]
